2025-06-09 17:09:14.314 [info] Extension host with pid 247 started
2025-06-09 17:09:14.338 [info] Lock '/mnt/code/.vscode/User/workspaceStorage/31ef9a28/vscode.lock': Lock acquired.
2025-06-09 17:09:14.411 [info] ExtensionService#_doActivateExtension vscode.git-base, startup: true, activationEvent: '*', root cause: vscode.git
2025-06-09 17:09:14.418 [info] ExtensionService#_doActivateExtension ms-python.python, startup: true, activationEvent: 'workspaceContains:pyproject.toml'
2025-06-09 17:09:14.706 [info] ExtensionService#_doActivateExtension vscode.git, startup: true, activationEvent: '*'
2025-06-09 17:09:14.706 [info] ExtensionService#_doActivateExtension vscode.github, startup: true, activationEvent: '*'
2025-06-09 17:09:15.089 [info] Eager extensions activated
2025-06-09 17:09:15.089 [info] ExtensionService#_doActivateExtension vscode.debug-auto-launch, startup: false, activationEvent: 'onStartupFinished'
2025-06-09 17:09:15.089 [info] ExtensionService#_doActivateExtension vscode.merge-conflict, startup: false, activationEvent: 'onStartupFinished'
2025-06-09 17:09:15.997 [info] ExtensionService#_doActivateExtension vscode.tunnel-forwarding, startup: false, activationEvent: 'onTunnel'
2025-06-09 17:09:16.058 [warning] [Decorations] CAPPING events from decorations provider vscode.git 253
2025-06-09 17:09:16.218 [info] ExtensionService#_doActivateExtension vscode.github-authentication, startup: false, activationEvent: 'onAuthenticationRequest:github'
2025-06-09 17:09:16.518 [warning] [Decorations] CAPPING events from decorations provider vscode.git 255
2025-06-09 17:09:20.676 [info] ExtensionService#_doActivateExtension vscode.ipynb, startup: false, activationEvent: 'onNotebookSerializer:jupyter-notebook'
2025-06-09 17:09:21.221 [info] ExtensionService#_doActivateExtension ms-toolsai.jupyter, startup: false, activationEvent: 'onNotebook:jupyter-notebook'
2025-06-09 17:09:21.221 [info] ExtensionService#_doActivateExtension ms-toolsai.vscode-jupyter-cell-tags, startup: false, activationEvent: 'onNotebook:jupyter-notebook'
2025-06-09 17:09:21.221 [info] ExtensionService#_doActivateExtension ms-toolsai.vscode-jupyter-slideshow, startup: false, activationEvent: 'onNotebook:jupyter-notebook'
2025-06-09 17:09:21.222 [info] ExtensionService#_doActivateExtension ms-toolsai.jupyter-renderers, startup: false, activationEvent: 'onNotebook:*'
2025-06-09 17:09:22.040 [info] ExtensionService#_doActivateExtension vscode.emmet, startup: false, activationEvent: 'onLanguage'
2025-06-09 17:15:11.164 [warning] [Decorations] CAPPING events from decorations provider vscode.git 273
2025-06-09 17:15:16.578 [warning] [Decorations] CAPPING events from decorations provider vscode.git 267
2025-06-09 17:15:22.193 [warning] [Decorations] CAPPING events from decorations provider vscode.git 267
2025-06-09 17:15:44.584 [warning] [Decorations] CAPPING events from decorations provider vscode.git 267
2025-06-09 17:15:50.067 [warning] [Decorations] CAPPING events from decorations provider vscode.git 267
2025-06-09 17:15:55.987 [warning] [Decorations] CAPPING events from decorations provider vscode.git 267
2025-06-09 17:16:01.637 [warning] [Decorations] CAPPING events from decorations provider vscode.git 267
2025-06-09 17:16:07.094 [warning] [Decorations] CAPPING events from decorations provider vscode.git 267
2025-06-09 17:18:36.179 [warning] [Decorations] CAPPING events from decorations provider vscode.git 268
2025-06-09 17:18:50.929 [warning] [Decorations] CAPPING events from decorations provider vscode.git 267
2025-06-09 17:19:43.792 [warning] [Decorations] CAPPING events from decorations provider vscode.git 270
2025-06-09 17:22:28.727 [warning] [Decorations] CAPPING events from decorations provider vscode.git 271
2025-06-09 17:22:34.345 [warning] [Decorations] CAPPING events from decorations provider vscode.git 270
2025-06-09 17:22:40.076 [warning] [Decorations] CAPPING events from decorations provider vscode.git 269
2025-06-09 17:22:45.737 [warning] [Decorations] CAPPING events from decorations provider vscode.git 269
2025-06-09 17:27:06.229 [warning] [Decorations] CAPPING events from decorations provider vscode.git 271
2025-06-09 17:27:11.784 [warning] [Decorations] CAPPING events from decorations provider vscode.git 270
2025-06-09 17:27:17.745 [warning] [Decorations] CAPPING events from decorations provider vscode.git 269
2025-06-09 17:27:23.373 [warning] [Decorations] CAPPING events from decorations provider vscode.git 269
2025-06-09 17:27:28.875 [warning] [Decorations] CAPPING events from decorations provider vscode.git 270
2025-06-09 17:27:34.728 [warning] [Decorations] CAPPING events from decorations provider vscode.git 269
2025-06-09 17:27:40.349 [warning] [Decorations] CAPPING events from decorations provider vscode.git 269
2025-06-09 17:27:45.776 [warning] [Decorations] CAPPING events from decorations provider vscode.git 272
2025-06-09 17:27:51.170 [warning] [Decorations] CAPPING events from decorations provider vscode.git 271
2025-06-09 17:27:56.783 [warning] [Decorations] CAPPING events from decorations provider vscode.git 271
2025-06-09 17:28:02.356 [warning] [Decorations] CAPPING events from decorations provider vscode.git 271
2025-06-09 17:28:49.217 [warning] [Decorations] CAPPING events from decorations provider vscode.git 271
2025-06-09 17:28:54.852 [warning] [Decorations] CAPPING events from decorations provider vscode.git 271
2025-06-09 17:29:00.419 [warning] [Decorations] CAPPING events from decorations provider vscode.git 271
2025-06-09 17:41:03.665 [warning] [Decorations] CAPPING events from decorations provider vscode.git 275
2025-06-09 17:41:09.622 [warning] [Decorations] CAPPING events from decorations provider vscode.git 273
2025-06-09 17:41:15.178 [warning] [Decorations] CAPPING events from decorations provider vscode.git 273
2025-06-09 17:41:20.881 [warning] [Decorations] CAPPING events from decorations provider vscode.git 273
2025-06-09 17:41:26.480 [warning] [Decorations] CAPPING events from decorations provider vscode.git 273
2025-06-09 17:41:32.077 [warning] [Decorations] CAPPING events from decorations provider vscode.git 273
2025-06-09 17:41:37.840 [warning] [Decorations] CAPPING events from decorations provider vscode.git 273
2025-06-09 17:41:43.343 [warning] [Decorations] CAPPING events from decorations provider vscode.git 273
2025-06-09 17:41:49.416 [warning] [Decorations] CAPPING events from decorations provider vscode.git 273
2025-06-09 17:41:55.016 [warning] [Decorations] CAPPING events from decorations provider vscode.git 273
2025-06-09 17:42:00.758 [warning] [Decorations] CAPPING events from decorations provider vscode.git 273
2025-06-09 17:42:06.340 [warning] [Decorations] CAPPING events from decorations provider vscode.git 273
2025-06-09 17:42:11.937 [warning] [Decorations] CAPPING events from decorations provider vscode.git 273
2025-06-09 17:42:17.830 [warning] [Decorations] CAPPING events from decorations provider vscode.git 273
2025-06-09 17:42:23.351 [warning] [Decorations] CAPPING events from decorations provider vscode.git 273
2025-06-09 17:42:29.041 [warning] [Decorations] CAPPING events from decorations provider vscode.git 273
2025-06-09 17:42:34.437 [warning] [Decorations] CAPPING events from decorations provider vscode.git 273
2025-06-09 17:42:39.832 [warning] [Decorations] CAPPING events from decorations provider vscode.git 273
2025-06-09 17:42:45.281 [warning] [Decorations] CAPPING events from decorations provider vscode.git 273
2025-06-09 17:42:50.861 [warning] [Decorations] CAPPING events from decorations provider vscode.git 273
2025-06-09 17:42:56.378 [warning] [Decorations] CAPPING events from decorations provider vscode.git 273
2025-06-09 17:43:01.968 [warning] [Decorations] CAPPING events from decorations provider vscode.git 273
2025-06-09 17:43:07.820 [warning] [Decorations] CAPPING events from decorations provider vscode.git 273
2025-06-09 17:43:13.544 [warning] [Decorations] CAPPING events from decorations provider vscode.git 273
2025-06-09 17:43:19.070 [warning] [Decorations] CAPPING events from decorations provider vscode.git 273
2025-06-09 17:43:24.584 [warning] [Decorations] CAPPING events from decorations provider vscode.git 273
2025-06-09 17:43:30.426 [warning] [Decorations] CAPPING events from decorations provider vscode.git 273
2025-06-09 17:43:36.218 [warning] [Decorations] CAPPING events from decorations provider vscode.git 273
2025-06-09 17:43:41.820 [warning] [Decorations] CAPPING events from decorations provider vscode.git 273
2025-06-09 17:43:47.285 [warning] [Decorations] CAPPING events from decorations provider vscode.git 273
2025-06-09 17:43:53.201 [warning] [Decorations] CAPPING events from decorations provider vscode.git 273
2025-06-09 17:43:58.815 [warning] [Decorations] CAPPING events from decorations provider vscode.git 273
2025-06-09 17:44:04.384 [warning] [Decorations] CAPPING events from decorations provider vscode.git 273
2025-06-09 17:44:10.265 [warning] [Decorations] CAPPING events from decorations provider vscode.git 273
2025-06-09 17:44:16.216 [warning] [Decorations] CAPPING events from decorations provider vscode.git 273
2025-06-09 17:44:21.834 [warning] [Decorations] CAPPING events from decorations provider vscode.git 273
2025-06-09 17:44:27.343 [warning] [Decorations] CAPPING events from decorations provider vscode.git 273
2025-06-09 17:44:33.116 [warning] [Decorations] CAPPING events from decorations provider vscode.git 273
2025-06-09 17:44:38.542 [warning] [Decorations] CAPPING events from decorations provider vscode.git 275
2025-06-09 17:44:44.044 [warning] [Decorations] CAPPING events from decorations provider vscode.git 275
2025-06-09 17:44:49.584 [warning] [Decorations] CAPPING events from decorations provider vscode.git 275
2025-06-09 17:44:54.986 [warning] [Decorations] CAPPING events from decorations provider vscode.git 275
2025-06-09 17:45:00.410 [warning] [Decorations] CAPPING events from decorations provider vscode.git 275
2025-06-09 17:45:06.018 [warning] [Decorations] CAPPING events from decorations provider vscode.git 275
2025-06-09 17:45:11.521 [warning] [Decorations] CAPPING events from decorations provider vscode.git 275
2025-06-09 17:45:17.281 [warning] [Decorations] CAPPING events from decorations provider vscode.git 275
2025-06-09 17:45:23.189 [warning] [Decorations] CAPPING events from decorations provider vscode.git 275
2025-06-09 17:45:29.020 [warning] [Decorations] CAPPING events from decorations provider vscode.git 275
2025-06-09 17:45:34.581 [warning] [Decorations] CAPPING events from decorations provider vscode.git 275
2025-06-09 17:45:40.130 [warning] [Decorations] CAPPING events from decorations provider vscode.git 275
2025-06-09 17:45:46.085 [warning] [Decorations] CAPPING events from decorations provider vscode.git 275
2025-06-09 17:45:51.740 [warning] [Decorations] CAPPING events from decorations provider vscode.git 275
2025-06-09 17:45:57.261 [warning] [Decorations] CAPPING events from decorations provider vscode.git 275
2025-06-09 17:46:03.177 [warning] [Decorations] CAPPING events from decorations provider vscode.git 275
2025-06-09 17:46:08.814 [warning] [Decorations] CAPPING events from decorations provider vscode.git 275
2025-06-09 17:46:14.285 [warning] [Decorations] CAPPING events from decorations provider vscode.git 275
2025-06-09 17:46:20.261 [warning] [Decorations] CAPPING events from decorations provider vscode.git 275
2025-06-09 17:46:25.865 [warning] [Decorations] CAPPING events from decorations provider vscode.git 275
2025-06-09 17:46:31.422 [warning] [Decorations] CAPPING events from decorations provider vscode.git 275
2025-06-09 17:46:37.333 [warning] [Decorations] CAPPING events from decorations provider vscode.git 275
2025-06-09 17:46:42.933 [warning] [Decorations] CAPPING events from decorations provider vscode.git 275
2025-06-09 17:46:48.342 [warning] [Decorations] CAPPING events from decorations provider vscode.git 275
2025-06-09 17:46:55.072 [warning] [Decorations] CAPPING events from decorations provider vscode.git 275
2025-06-09 17:47:00.474 [warning] [Decorations] CAPPING events from decorations provider vscode.git 275
2025-06-09 17:47:06.061 [warning] [Decorations] CAPPING events from decorations provider vscode.git 275
2025-06-09 17:47:11.554 [warning] [Decorations] CAPPING events from decorations provider vscode.git 275
2025-06-09 17:47:17.055 [warning] [Decorations] CAPPING events from decorations provider vscode.git 275
2025-06-09 17:47:22.777 [warning] [Decorations] CAPPING events from decorations provider vscode.git 275
2025-06-09 17:47:28.542 [warning] [Decorations] CAPPING events from decorations provider vscode.git 275
2025-06-09 17:47:34.145 [warning] [Decorations] CAPPING events from decorations provider vscode.git 275
2025-06-09 17:47:39.636 [warning] [Decorations] CAPPING events from decorations provider vscode.git 275
2025-06-09 17:47:45.521 [warning] [Decorations] CAPPING events from decorations provider vscode.git 275
2025-06-09 17:47:51.320 [warning] [Decorations] CAPPING events from decorations provider vscode.git 275
2025-06-09 17:47:56.947 [warning] [Decorations] CAPPING events from decorations provider vscode.git 275
2025-06-09 17:48:02.464 [warning] [Decorations] CAPPING events from decorations provider vscode.git 275
2025-06-09 17:48:08.343 [warning] [Decorations] CAPPING events from decorations provider vscode.git 275
2025-06-09 17:48:14.259 [warning] [Decorations] CAPPING events from decorations provider vscode.git 275
2025-06-09 17:48:19.927 [warning] [Decorations] CAPPING events from decorations provider vscode.git 275
2025-06-09 17:48:25.477 [warning] [Decorations] CAPPING events from decorations provider vscode.git 275
2025-06-09 17:48:31.019 [warning] [Decorations] CAPPING events from decorations provider vscode.git 275
2025-06-09 17:48:36.982 [warning] [Decorations] CAPPING events from decorations provider vscode.git 275
2025-06-09 17:48:42.939 [warning] [Decorations] CAPPING events from decorations provider vscode.git 275
2025-06-09 17:48:48.624 [warning] [Decorations] CAPPING events from decorations provider vscode.git 275
2025-06-09 17:48:54.020 [warning] [Decorations] CAPPING events from decorations provider vscode.git 275
2025-06-09 17:48:59.430 [warning] [Decorations] CAPPING events from decorations provider vscode.git 275
2025-06-09 17:49:04.888 [warning] [Decorations] CAPPING events from decorations provider vscode.git 275
2025-06-09 17:49:10.421 [warning] [Decorations] CAPPING events from decorations provider vscode.git 275
2025-06-09 17:49:15.919 [warning] [Decorations] CAPPING events from decorations provider vscode.git 275
2025-06-09 17:49:21.479 [warning] [Decorations] CAPPING events from decorations provider vscode.git 275
2025-06-09 17:49:26.958 [warning] [Decorations] CAPPING events from decorations provider vscode.git 275
2025-06-09 17:49:32.738 [warning] [Decorations] CAPPING events from decorations provider vscode.git 275
2025-06-09 17:49:38.544 [warning] [Decorations] CAPPING events from decorations provider vscode.git 275
2025-06-09 17:49:44.168 [warning] [Decorations] CAPPING events from decorations provider vscode.git 275
2025-06-09 17:49:49.715 [warning] [Decorations] CAPPING events from decorations provider vscode.git 275
2025-06-09 17:49:55.473 [warning] [Decorations] CAPPING events from decorations provider vscode.git 275
2025-06-09 17:50:01.228 [warning] [Decorations] CAPPING events from decorations provider vscode.git 275
2025-06-09 17:50:06.826 [warning] [Decorations] CAPPING events from decorations provider vscode.git 275
2025-06-09 17:50:12.346 [warning] [Decorations] CAPPING events from decorations provider vscode.git 275
2025-06-09 17:50:18.161 [warning] [Decorations] CAPPING events from decorations provider vscode.git 275
2025-06-09 17:50:24.065 [warning] [Decorations] CAPPING events from decorations provider vscode.git 275
2025-06-09 17:50:29.838 [warning] [Decorations] CAPPING events from decorations provider vscode.git 275
2025-06-09 17:50:35.427 [warning] [Decorations] CAPPING events from decorations provider vscode.git 275
2025-06-09 17:50:40.931 [warning] [Decorations] CAPPING events from decorations provider vscode.git 275
2025-06-09 17:50:46.764 [warning] [Decorations] CAPPING events from decorations provider vscode.git 275
2025-06-09 17:50:52.438 [warning] [Decorations] CAPPING events from decorations provider vscode.git 275
2025-06-09 17:50:57.884 [warning] [Decorations] CAPPING events from decorations provider vscode.git 275
2025-06-09 17:51:03.371 [warning] [Decorations] CAPPING events from decorations provider vscode.git 275
2025-06-09 17:51:08.933 [warning] [Decorations] CAPPING events from decorations provider vscode.git 275
2025-06-09 17:51:14.344 [warning] [Decorations] CAPPING events from decorations provider vscode.git 275
2025-06-09 17:51:19.753 [warning] [Decorations] CAPPING events from decorations provider vscode.git 275
2025-06-09 17:51:25.353 [warning] [Decorations] CAPPING events from decorations provider vscode.git 275
2025-06-09 17:51:30.854 [warning] [Decorations] CAPPING events from decorations provider vscode.git 275
2025-06-09 17:51:36.691 [warning] [Decorations] CAPPING events from decorations provider vscode.git 275
2025-06-09 17:51:42.544 [warning] [Decorations] CAPPING events from decorations provider vscode.git 275
2025-06-09 17:51:48.146 [warning] [Decorations] CAPPING events from decorations provider vscode.git 275
2025-06-09 17:51:53.650 [warning] [Decorations] CAPPING events from decorations provider vscode.git 275
2025-06-09 17:51:59.526 [warning] [Decorations] CAPPING events from decorations provider vscode.git 275
2025-06-09 17:52:05.235 [warning] [Decorations] CAPPING events from decorations provider vscode.git 275
2025-06-09 17:52:10.823 [warning] [Decorations] CAPPING events from decorations provider vscode.git 275
2025-06-09 17:52:16.424 [warning] [Decorations] CAPPING events from decorations provider vscode.git 275
2025-06-09 17:52:22.346 [warning] [Decorations] CAPPING events from decorations provider vscode.git 275
2025-06-09 17:52:27.950 [warning] [Decorations] CAPPING events from decorations provider vscode.git 275
2025-06-09 17:52:33.452 [warning] [Decorations] CAPPING events from decorations provider vscode.git 275
2025-06-09 17:52:39.335 [warning] [Decorations] CAPPING events from decorations provider vscode.git 275
2025-06-09 17:52:45.116 [warning] [Decorations] CAPPING events from decorations provider vscode.git 275
2025-06-09 17:52:50.739 [warning] [Decorations] CAPPING events from decorations provider vscode.git 275
2025-06-09 17:52:56.243 [warning] [Decorations] CAPPING events from decorations provider vscode.git 275
2025-06-09 17:53:02.117 [warning] [Decorations] CAPPING events from decorations provider vscode.git 275
2025-06-09 17:53:07.578 [warning] [Decorations] CAPPING events from decorations provider vscode.git 290
2025-06-09 17:53:12.995 [warning] [Decorations] CAPPING events from decorations provider vscode.git 282
2025-06-09 17:53:18.400 [warning] [Decorations] CAPPING events from decorations provider vscode.git 282
2025-06-09 17:53:23.800 [warning] [Decorations] CAPPING events from decorations provider vscode.git 282
2025-06-09 17:53:29.214 [warning] [Decorations] CAPPING events from decorations provider vscode.git 282
2025-06-09 17:53:34.617 [warning] [Decorations] CAPPING events from decorations provider vscode.git 282
2025-06-09 17:53:40.017 [warning] [Decorations] CAPPING events from decorations provider vscode.git 282
2025-06-09 17:53:45.416 [warning] [Decorations] CAPPING events from decorations provider vscode.git 282
2025-06-09 17:53:50.809 [warning] [Decorations] CAPPING events from decorations provider vscode.git 282
2025-06-09 17:53:56.222 [warning] [Decorations] CAPPING events from decorations provider vscode.git 282
2025-06-09 17:54:01.629 [warning] [Decorations] CAPPING events from decorations provider vscode.git 282
2025-06-09 17:54:07.019 [warning] [Decorations] CAPPING events from decorations provider vscode.git 282
2025-06-09 17:54:12.408 [warning] [Decorations] CAPPING events from decorations provider vscode.git 282
2025-06-09 17:54:17.795 [warning] [Decorations] CAPPING events from decorations provider vscode.git 282
2025-06-09 17:54:23.210 [warning] [Decorations] CAPPING events from decorations provider vscode.git 282
2025-06-09 17:58:10.175 [warning] [Decorations] CAPPING events from decorations provider vscode.git 282
2025-06-09 17:58:15.590 [warning] [Decorations] CAPPING events from decorations provider vscode.git 282
2025-06-09 17:58:49.795 [warning] [Decorations] CAPPING events from decorations provider vscode.git 282
2025-06-09 17:58:55.209 [warning] [Decorations] CAPPING events from decorations provider vscode.git 282
2025-06-09 18:00:51.570 [warning] [Decorations] CAPPING events from decorations provider vscode.git 282
2025-06-09 18:00:56.946 [warning] [Decorations] CAPPING events from decorations provider vscode.git 282
2025-06-09 18:01:02.355 [warning] [Decorations] CAPPING events from decorations provider vscode.git 282
2025-06-09 18:01:07.749 [warning] [Decorations] CAPPING events from decorations provider vscode.git 282
2025-06-09 18:01:13.138 [warning] [Decorations] CAPPING events from decorations provider vscode.git 282
2025-06-09 18:01:18.568 [warning] [Decorations] CAPPING events from decorations provider vscode.git 282
2025-06-09 18:01:23.960 [warning] [Decorations] CAPPING events from decorations provider vscode.git 282
2025-06-09 18:01:29.359 [warning] [Decorations] CAPPING events from decorations provider vscode.git 282
2025-06-09 18:01:34.788 [warning] [Decorations] CAPPING events from decorations provider vscode.git 282
2025-06-09 18:01:40.184 [warning] [Decorations] CAPPING events from decorations provider vscode.git 282
2025-06-09 18:01:45.642 [warning] [Decorations] CAPPING events from decorations provider vscode.git 282
2025-06-09 18:01:51.088 [warning] [Decorations] CAPPING events from decorations provider vscode.git 282
2025-06-09 18:01:56.553 [warning] [Decorations] CAPPING events from decorations provider vscode.git 282
2025-06-09 18:02:01.946 [warning] [Decorations] CAPPING events from decorations provider vscode.git 282
2025-06-09 18:02:07.349 [warning] [Decorations] CAPPING events from decorations provider vscode.git 282
2025-06-09 18:02:12.751 [warning] [Decorations] CAPPING events from decorations provider vscode.git 282
2025-06-09 18:02:18.147 [warning] [Decorations] CAPPING events from decorations provider vscode.git 282
2025-06-09 18:02:23.542 [warning] [Decorations] CAPPING events from decorations provider vscode.git 282
2025-06-09 18:02:28.974 [warning] [Decorations] CAPPING events from decorations provider vscode.git 282
2025-06-09 18:02:34.379 [warning] [Decorations] CAPPING events from decorations provider vscode.git 282
2025-06-09 18:02:39.783 [warning] [Decorations] CAPPING events from decorations provider vscode.git 282
2025-06-09 18:02:45.177 [warning] [Decorations] CAPPING events from decorations provider vscode.git 282
2025-06-09 18:02:50.604 [warning] [Decorations] CAPPING events from decorations provider vscode.git 282
2025-06-09 18:02:56.047 [warning] [Decorations] CAPPING events from decorations provider vscode.git 282
2025-06-09 18:03:01.450 [warning] [Decorations] CAPPING events from decorations provider vscode.git 282
2025-06-09 18:04:25.919 [warning] [Decorations] CAPPING events from decorations provider vscode.git 282
2025-06-09 18:04:31.301 [warning] [Decorations] CAPPING events from decorations provider vscode.git 282
2025-06-09 18:04:36.723 [warning] [Decorations] CAPPING events from decorations provider vscode.git 282
2025-06-09 18:04:42.113 [warning] [Decorations] CAPPING events from decorations provider vscode.git 282
2025-06-09 18:04:47.523 [warning] [Decorations] CAPPING events from decorations provider vscode.git 282
2025-06-09 18:04:52.942 [warning] [Decorations] CAPPING events from decorations provider vscode.git 282
2025-06-09 18:04:58.368 [warning] [Decorations] CAPPING events from decorations provider vscode.git 282
2025-06-09 18:05:03.772 [warning] [Decorations] CAPPING events from decorations provider vscode.git 282
2025-06-09 18:05:09.148 [warning] [Decorations] CAPPING events from decorations provider vscode.git 282
2025-06-09 18:05:14.548 [warning] [Decorations] CAPPING events from decorations provider vscode.git 282
2025-06-09 18:05:19.925 [warning] [Decorations] CAPPING events from decorations provider vscode.git 282
2025-06-09 18:05:25.334 [warning] [Decorations] CAPPING events from decorations provider vscode.git 282
2025-06-09 18:05:46.685 [warning] [Decorations] CAPPING events from decorations provider vscode.git 282
2025-06-09 18:05:52.093 [warning] [Decorations] CAPPING events from decorations provider vscode.git 282
2025-06-09 18:05:57.489 [warning] [Decorations] CAPPING events from decorations provider vscode.git 282
2025-06-09 18:06:02.890 [warning] [Decorations] CAPPING events from decorations provider vscode.git 282
2025-06-09 18:06:08.299 [warning] [Decorations] CAPPING events from decorations provider vscode.git 282
2025-06-09 18:06:13.691 [warning] [Decorations] CAPPING events from decorations provider vscode.git 282
2025-06-09 18:06:19.087 [warning] [Decorations] CAPPING events from decorations provider vscode.git 282
2025-06-09 18:06:24.487 [warning] [Decorations] CAPPING events from decorations provider vscode.git 282
2025-06-09 18:06:29.891 [warning] [Decorations] CAPPING events from decorations provider vscode.git 282
2025-06-09 18:06:35.308 [warning] [Decorations] CAPPING events from decorations provider vscode.git 282
2025-06-09 18:06:40.707 [warning] [Decorations] CAPPING events from decorations provider vscode.git 282
2025-06-09 18:06:46.105 [warning] [Decorations] CAPPING events from decorations provider vscode.git 282
2025-06-09 18:06:51.500 [warning] [Decorations] CAPPING events from decorations provider vscode.git 282
2025-06-09 18:06:56.888 [warning] [Decorations] CAPPING events from decorations provider vscode.git 282
2025-06-09 18:07:02.279 [warning] [Decorations] CAPPING events from decorations provider vscode.git 282
2025-06-09 18:07:07.667 [warning] [Decorations] CAPPING events from decorations provider vscode.git 282
2025-06-09 18:07:13.047 [warning] [Decorations] CAPPING events from decorations provider vscode.git 282
2025-06-09 18:07:18.435 [warning] [Decorations] CAPPING events from decorations provider vscode.git 282
2025-06-09 18:07:23.817 [warning] [Decorations] CAPPING events from decorations provider vscode.git 282
2025-06-09 18:07:29.225 [warning] [Decorations] CAPPING events from decorations provider vscode.git 282
2025-06-09 18:07:34.608 [warning] [Decorations] CAPPING events from decorations provider vscode.git 282
2025-06-09 18:07:40.120 [warning] [Decorations] CAPPING events from decorations provider vscode.git 282
2025-06-09 18:07:45.535 [warning] [Decorations] CAPPING events from decorations provider vscode.git 282
2025-06-09 18:07:50.943 [warning] [Decorations] CAPPING events from decorations provider vscode.git 282
2025-06-09 18:07:56.329 [warning] [Decorations] CAPPING events from decorations provider vscode.git 282
2025-06-09 18:09:57.308 [warning] [Decorations] CAPPING events from decorations provider vscode.git 282
2025-06-09 18:10:02.731 [warning] [Decorations] CAPPING events from decorations provider vscode.git 282
2025-06-09 18:10:08.140 [warning] [Decorations] CAPPING events from decorations provider vscode.git 282
2025-06-09 18:10:13.549 [warning] [Decorations] CAPPING events from decorations provider vscode.git 282
2025-06-09 18:10:18.983 [warning] [Decorations] CAPPING events from decorations provider vscode.git 282
2025-06-09 18:10:24.395 [warning] [Decorations] CAPPING events from decorations provider vscode.git 282
2025-06-09 18:10:29.806 [warning] [Decorations] CAPPING events from decorations provider vscode.git 282
2025-06-09 18:10:35.209 [warning] [Decorations] CAPPING events from decorations provider vscode.git 282
2025-06-09 18:10:40.626 [warning] [Decorations] CAPPING events from decorations provider vscode.git 282
2025-06-09 18:10:46.041 [warning] [Decorations] CAPPING events from decorations provider vscode.git 282
2025-06-09 18:10:51.456 [warning] [Decorations] CAPPING events from decorations provider vscode.git 282
2025-06-09 18:10:56.874 [warning] [Decorations] CAPPING events from decorations provider vscode.git 282
2025-06-09 18:11:02.334 [warning] [Decorations] CAPPING events from decorations provider vscode.git 282
2025-06-09 18:11:07.747 [warning] [Decorations] CAPPING events from decorations provider vscode.git 282
2025-06-09 18:11:13.148 [warning] [Decorations] CAPPING events from decorations provider vscode.git 282
2025-06-09 18:11:18.572 [warning] [Decorations] CAPPING events from decorations provider vscode.git 282
2025-06-09 18:11:24.033 [warning] [Decorations] CAPPING events from decorations provider vscode.git 282
2025-06-09 18:13:17.147 [warning] [Decorations] CAPPING events from decorations provider vscode.git 282
2025-06-09 18:13:22.542 [warning] [Decorations] CAPPING events from decorations provider vscode.git 282
2025-06-09 18:13:27.921 [warning] [Decorations] CAPPING events from decorations provider vscode.git 282
2025-06-09 18:13:30.445 [warning] [Decorations] CAPPING events from decorations provider vscode.git 282
2025-06-09 18:13:30.650 [warning] [Decorations] CAPPING events from decorations provider vscode.git 280
2025-06-09 18:13:32.994 [warning] [Decorations] CAPPING events from decorations provider vscode.git 280
2025-06-09 18:13:57.150 [warning] [Decorations] CAPPING events from decorations provider vscode.git 280
2025-06-09 18:14:02.220 [warning] [Decorations] CAPPING events from decorations provider vscode.git 280
2025-06-09 18:14:07.286 [warning] [Decorations] CAPPING events from decorations provider vscode.git 280
2025-06-09 18:14:12.362 [warning] [Decorations] CAPPING events from decorations provider vscode.git 280
